<?xml version="1.0" encoding="UTF-8"?>
<!-- Generated by org.testng.reporters.JUnitXMLReporter -->
<testsuite hostname="DESKTOP-3J4MBBJ" name="Test" tests="3" failures="0" timestamp="18 Jan 2018 19:50:38 GMT" time="0.034" errors="0">
  <testcase name="primary" time="0.018" classname="vaishnavilearning.Seleniumtest"/>
  <testcase name="testing" time="0.0" classname="vaishnavilearning.Inheritencetest"/>
  <testcase name="secondary" time="0.0" classname="vaishnavilearning.Testingtest"/>
</testsuite> <!-- Test -->
